{"D:\\AI-Study-Companion\\frontend\\src\\components\\Common.tsx": {"path":"D:\\AI-Study-Companion\\frontend\\src\\components\\Common.tsx","statementMap":{"0":{"start":{"line":1,"column":0},"end":{"line":1,"column":26}},"1":{"start":{"line":3,"column":30},"end":{"line":15,"column":1}},"2":{"start":{"line":4,"column":22},"end":{"line":8,"column":4}},"3":{"start":{"line":10,"column":2},"end":{"line":14,"column":4}},"4":{"start":{"line":3,"column":13},"end":{"line":3,"column":30}},"5":{"start":{"line":17,"column":29},"end":{"line":36,"column":1}},"6":{"start":{"line":18,"column":34},"end":{"line":18,"column":55}},"7":{"start":{"line":20,"column":2},"end":{"line":24,"column":9}},"8":{"start":{"line":21,"column":25},"end":{"line":21,"column":48}},"9":{"start":{"line":21,"column":31},"end":{"line":21,"column":48}},"10":{"start":{"line":22,"column":4},"end":{"line":22,"column":51}},"11":{"start":{"line":23,"column":4},"end":{"line":23,"column":67}},"12":{"start":{"line":23,"column":17},"end":{"line":23,"column":66}},"13":{"start":{"line":26,"column":2},"end":{"line":33,"column":3}},"14":{"start":{"line":27,"column":4},"end":{"line":32,"column":6}},"15":{"start":{"line":35,"column":2},"end":{"line":35,"column":25}},"16":{"start":{"line":17,"column":13},"end":{"line":17,"column":29}},"17":{"start":{"line":38,"column":27},"end":{"line":55,"column":1}},"18":{"start":{"line":39,"column":21},"end":{"line":39,"column":44}},"19":{"start":{"line":41,"column":2},"end":{"line":54,"column":4}},"20":{"start":{"line":38,"column":13},"end":{"line":38,"column":27}},"21":{"start":{"line":57,"column":26},"end":{"line":99,"column":1}},"22":{"start":{"line":66,"column":38},"end":{"line":66,"column":59}},"23":{"start":{"line":68,"column":21},"end":{"line":75,"column":3}},"24":{"start":{"line":69,"column":4},"end":{"line":69,"column":23}},"25":{"start":{"line":70,"column":4},"end":{"line":70,"column":25}},"26":{"start":{"line":71,"column":17},"end":{"line":71,"column":40}},"27":{"start":{"line":72,"column":4},"end":{"line":74,"column":5}},"28":{"start":{"line":73,"column":6},"end":{"line":73,"column":25}},"29":{"start":{"line":77,"column":2},"end":{"line":98,"column":4}},"30":{"start":{"line":79,"column":24},"end":{"line":79,"column":43}},"31":{"start":{"line":80,"column":25},"end":{"line":80,"column":45}},"32":{"start":{"line":89,"column":25},"end":{"line":89,"column":74}},"33":{"start":{"line":57,"column":13},"end":{"line":57,"column":26}}},"fnMap":{"0":{"name":"(anonymous_1)","decl":{"start":{"line":3,"column":30},"end":{"line":3,"column":31}},"loc":{"start":{"line":3,"column":81},"end":{"line":15,"column":1}}},"1":{"name":"(anonymous_2)","decl":{"start":{"line":17,"column":29},"end":{"line":17,"column":30}},"loc":{"start":{"line":17,"column":77},"end":{"line":36,"column":1}}},"2":{"name":"(anonymous_3)","decl":{"start":{"line":20,"column":18},"end":{"line":20,"column":21}},"loc":{"start":{"line":20,"column":23},"end":{"line":24,"column":3}}},"3":{"name":"(anonymous_4)","decl":{"start":{"line":21,"column":25},"end":{"line":21,"column":28}},"loc":{"start":{"line":21,"column":31},"end":{"line":21,"column":48}}},"4":{"name":"(anonymous_5)","decl":{"start":{"line":23,"column":11},"end":{"line":23,"column":14}},"loc":{"start":{"line":23,"column":17},"end":{"line":23,"column":66}}},"5":{"name":"(anonymous_6)","decl":{"start":{"line":38,"column":27},"end":{"line":38,"column":28}},"loc":{"start":{"line":38,"column":86},"end":{"line":55,"column":1}}},"6":{"name":"(anonymous_7)","decl":{"start":{"line":57,"column":26},"end":{"line":57,"column":27}},"loc":{"start":{"line":65,"column":5},"end":{"line":99,"column":1}}},"7":{"name":"(anonymous_8)","decl":{"start":{"line":68,"column":21},"end":{"line":68,"column":22}},"loc":{"start":{"line":68,"column":44},"end":{"line":75,"column":3}}},"8":{"name":"(anonymous_9)","decl":{"start":{"line":79,"column":18},"end":{"line":79,"column":21}},"loc":{"start":{"line":79,"column":24},"end":{"line":79,"column":43}}},"9":{"name":"(anonymous_10)","decl":{"start":{"line":80,"column":19},"end":{"line":80,"column":22}},"loc":{"start":{"line":80,"column":25},"end":{"line":80,"column":45}}},"10":{"name":"(anonymous_11)","decl":{"start":{"line":89,"column":18},"end":{"line":89,"column":19}},"loc":{"start":{"line":89,"column":25},"end":{"line":89,"column":74}}}},"branchMap":{"0":{"loc":{"start":{"line":3,"column":33},"end":{"line":3,"column":44}},"type":"default-arg","locations":[{"start":{"line":3,"column":40},"end":{"line":3,"column":44}}]},"1":{"loc":{"start":{"line":26,"column":2},"end":{"line":33,"column":3}},"type":"if","locations":[{"start":{"line":26,"column":2},"end":{"line":33,"column":3}},{"start":{},"end":{}}]},"2":{"loc":{"start":{"line":59,"column":2},"end":{"line":59,"column":17}},"type":"default-arg","locations":[{"start":{"line":59,"column":11},"end":{"line":59,"column":17}}]},"3":{"loc":{"start":{"line":60,"column":2},"end":{"line":60,"column":14}},"type":"default-arg","locations":[{"start":{"line":60,"column":12},"end":{"line":60,"column":14}}]},"4":{"loc":{"start":{"line":72,"column":4},"end":{"line":74,"column":5}},"type":"if","locations":[{"start":{"line":72,"column":4},"end":{"line":74,"column":5}},{"start":{},"end":{}}]},"5":{"loc":{"start":{"line":72,"column":8},"end":{"line":72,"column":50}},"type":"binary-expr","locations":[{"start":{"line":72,"column":8},"end":{"line":72,"column":12}},{"start":{"line":72,"column":16},"end":{"line":72,"column":50}}]},"6":{"loc":{"start":{"line":83,"column":8},"end":{"line":83,"column":null}},"type":"cond-expr","locations":[{"start":{"line":83,"column":21},"end":{"line":83,"column":49}},{"start":{"line":83,"column":52},"end":{"line":83,"column":null}}]},"7":{"loc":{"start":{"line":89,"column":25},"end":{"line":89,"column":74}},"type":"binary-expr","locations":[{"start":{"line":89,"column":25},"end":{"line":89,"column":39}},{"start":{"line":89,"column":43},"end":{"line":89,"column":74}}]}},"s":{"0":1,"1":1,"2":3,"3":3,"4":1,"5":1,"6":3,"7":3,"8":2,"9":1,"10":2,"11":2,"12":2,"13":3,"14":1,"15":2,"16":1,"17":1,"18":3,"19":3,"20":1,"21":1,"22":8,"23":8,"24":2,"25":2,"26":2,"27":2,"28":1,"29":8,"30":2,"31":1,"32":1,"33":1},"f":{"0":3,"1":3,"2":2,"3":1,"4":2,"5":3,"6":8,"7":2,"8":2,"9":1,"10":1},"b":{"0":[1],"1":[1,2],"2":[8],"3":[4],"4":[1,1],"5":[2,2],"6":[2,6],"7":[1,1]}}
,"D:\\AI-Study-Companion\\frontend\\src\\components\\DropdownMenu.tsx": {"path":"D:\\AI-Study-Companion\\frontend\\src\\components\\DropdownMenu.tsx","statementMap":{"0":{"start":{"line":13,"column":0},"end":{"line":13,"column":16}},"1":{"start":{"line":1,"column":0},"end":{"line":1,"column":52}},"2":{"start":{"line":2,"column":0},"end":{"line":2,"column":44}},"3":{"start":{"line":14,"column":30},"end":{"line":14,"column":45}},"4":{"start":{"line":15,"column":18},"end":{"line":15,"column":46}},"5":{"start":{"line":17,"column":2},"end":{"line":28,"column":15}},"6":{"start":{"line":19,"column":6},"end":{"line":21,"column":7}},"7":{"start":{"line":20,"column":8},"end":{"line":20,"column":25}},"8":{"start":{"line":24,"column":4},"end":{"line":27,"column":5}},"9":{"start":{"line":25,"column":6},"end":{"line":25,"column":65}},"10":{"start":{"line":26,"column":6},"end":{"line":26,"column":81}},"11":{"start":{"line":26,"column":19},"end":{"line":26,"column":80}},"12":{"start":{"line":30,"column":2},"end":{"line":61,"column":4}},"13":{"start":{"line":33,"column":23},"end":{"line":33,"column":41}},"14":{"start":{"line":42,"column":12},"end":{"line":43,"column":null}},"15":{"start":{"line":45,"column":16},"end":{"line":45,"column":31}},"16":{"start":{"line":46,"column":16},"end":{"line":46,"column":33}}},"fnMap":{"0":{"name":"DropdownMenu","decl":{"start":{"line":13,"column":16},"end":{"line":13,"column":28}},"loc":{"start":{"line":13,"column":57},"end":{"line":62,"column":1}}},"1":{"name":"(anonymous_1)","decl":{"start":{"line":17,"column":12},"end":{"line":17,"column":15}},"loc":{"start":{"line":17,"column":17},"end":{"line":28,"column":3}}},"2":{"name":"handleClickOutside","decl":{"start":{"line":18,"column":13},"end":{"line":18,"column":31}},"loc":{"start":{"line":18,"column":49},"end":{"line":22,"column":5}}},"3":{"name":"(anonymous_3)","decl":{"start":{"line":26,"column":13},"end":{"line":26,"column":16}},"loc":{"start":{"line":26,"column":19},"end":{"line":26,"column":80}}},"4":{"name":"(anonymous_4)","decl":{"start":{"line":33,"column":17},"end":{"line":33,"column":20}},"loc":{"start":{"line":33,"column":23},"end":{"line":33,"column":41}}},"5":{"name":"(anonymous_5)","decl":{"start":{"line":41,"column":21},"end":{"line":41,"column":22}},"loc":{"start":{"line":42,"column":12},"end":{"line":43,"column":null}}},"6":{"name":"(anonymous_6)","decl":{"start":{"line":44,"column":23},"end":{"line":44,"column":26}},"loc":{"start":{"line":44,"column":28},"end":{"line":47,"column":15}}}},"branchMap":{"0":{"loc":{"start":{"line":19,"column":6},"end":{"line":21,"column":7}},"type":"if","locations":[{"start":{"line":19,"column":6},"end":{"line":21,"column":7}},{"start":{},"end":{}}]},"1":{"loc":{"start":{"line":19,"column":10},"end":{"line":19,"column":76}},"type":"binary-expr","locations":[{"start":{"line":19,"column":10},"end":{"line":19,"column":25}},{"start":{"line":19,"column":29},"end":{"line":19,"column":76}}]},"2":{"loc":{"start":{"line":24,"column":4},"end":{"line":27,"column":5}},"type":"if","locations":[{"start":{"line":24,"column":4},"end":{"line":27,"column":5}},{"start":{},"end":{}}]},"3":{"loc":{"start":{"line":39,"column":7},"end":{"line":58,"column":null}},"type":"binary-expr","locations":[{"start":{"line":39,"column":7},"end":{"line":39,"column":13}},{"start":{"line":40,"column":8},"end":{"line":57,"column":null}}]},"4":{"loc":{"start":{"line":49,"column":16},"end":{"line":51,"column":null}},"type":"cond-expr","locations":[{"start":{"line":50,"column":20},"end":{"line":50,"column":54}},{"start":{"line":51,"column":20},"end":{"line":51,"column":null}}]},"5":{"loc":{"start":{"line":52,"column":18},"end":{"line":52,"column":79}},"type":"cond-expr","locations":[{"start":{"line":52,"column":47},"end":{"line":52,"column":74}},{"start":{"line":52,"column":77},"end":{"line":52,"column":79}}]}},"s":{"0":1,"1":1,"2":1,"3":10,"4":10,"5":10,"6":2,"7":1,"8":10,"9":4,"10":4,"11":4,"12":10,"13":4,"14":7,"15":1,"16":1},"f":{"0":10,"1":10,"2":2,"3":4,"4":4,"5":7,"6":1},"b":{"0":[1,1],"1":[2,2],"2":[4,6],"3":[10,4],"4":[3,4],"5":[3,4]}}
,"D:\\AI-Study-Companion\\frontend\\src\\components\\EmptyState.tsx": {"path":"D:\\AI-Study-Companion\\frontend\\src\\components\\EmptyState.tsx","statementMap":{"0":{"start":{"line":13,"column":53},"end":{"line":44,"column":1}},"1":{"start":{"line":21,"column":2},"end":{"line":43,"column":4}},"2":{"start":{"line":13,"column":13},"end":{"line":13,"column":53}},"3":{"start":{"line":46,"column":0},"end":{"line":46,"column":26}}},"fnMap":{"0":{"name":"(anonymous_0)","decl":{"start":{"line":13,"column":53},"end":{"line":13,"column":54}},"loc":{"start":{"line":20,"column":5},"end":{"line":44,"column":1}}}},"branchMap":{"0":{"loc":{"start":{"line":19,"column":2},"end":{"line":19,"column":27}},"type":"default-arg","locations":[{"start":{"line":19,"column":18},"end":{"line":19,"column":27}}]},"1":{"loc":{"start":{"line":30,"column":7},"end":{"line":40,"column":null}},"type":"binary-expr","locations":[{"start":{"line":30,"column":7},"end":{"line":30,"column":18}},{"start":{"line":30,"column":22},"end":{"line":30,"column":30}},{"start":{"line":31,"column":8},"end":{"line":39,"column":null}}]},"2":{"loc":{"start":{"line":34,"column":12},"end":{"line":36,"column":null}},"type":"cond-expr","locations":[{"start":{"line":35,"column":16},"end":{"line":35,"column":113}},{"start":{"line":36,"column":16},"end":{"line":36,"column":null}}]}},"s":{"0":1,"1":4,"2":1,"3":1},"f":{"0":4},"b":{"0":[3],"1":[4,3,2],"2":[1,1]}}
,"D:\\AI-Study-Companion\\frontend\\src\\components\\FlashCard.tsx": {"path":"D:\\AI-Study-Companion\\frontend\\src\\components\\FlashCard.tsx","statementMap":{"0":{"start":{"line":1,"column":0},"end":{"line":1,"column":33}},"1":{"start":{"line":9,"column":25},"end":{"line":50,"column":1}},"2":{"start":{"line":10,"column":36},"end":{"line":10,"column":51}},"3":{"start":{"line":12,"column":2},"end":{"line":49,"column":4}},"4":{"start":{"line":15,"column":23},"end":{"line":15,"column":47}},"5":{"start":{"line":29,"column":27},"end":{"line":29,"column":44}},"6":{"start":{"line":35,"column":27},"end":{"line":35,"column":43}},"7":{"start":{"line":41,"column":27},"end":{"line":41,"column":43}},"8":{"start":{"line":9,"column":13},"end":{"line":9,"column":25}}},"fnMap":{"0":{"name":"(anonymous_0)","decl":{"start":{"line":9,"column":25},"end":{"line":9,"column":26}},"loc":{"start":{"line":9,"column":71},"end":{"line":50,"column":1}}},"1":{"name":"(anonymous_1)","decl":{"start":{"line":15,"column":17},"end":{"line":15,"column":20}},"loc":{"start":{"line":15,"column":23},"end":{"line":15,"column":47}}},"2":{"name":"(anonymous_2)","decl":{"start":{"line":29,"column":21},"end":{"line":29,"column":24}},"loc":{"start":{"line":29,"column":27},"end":{"line":29,"column":44}}},"3":{"name":"(anonymous_3)","decl":{"start":{"line":35,"column":21},"end":{"line":35,"column":24}},"loc":{"start":{"line":35,"column":27},"end":{"line":35,"column":43}}},"4":{"name":"(anonymous_4)","decl":{"start":{"line":41,"column":21},"end":{"line":41,"column":24}},"loc":{"start":{"line":41,"column":27},"end":{"line":41,"column":43}}}},"branchMap":{"0":{"loc":{"start":{"line":20,"column":66},"end":{"line":20,"column":99}},"type":"cond-expr","locations":[{"start":{"line":20,"column":78},"end":{"line":20,"column":86}},{"start":{"line":20,"column":89},"end":{"line":20,"column":99}}]},"1":{"loc":{"start":{"line":21,"column":47},"end":{"line":21,"column":71}},"type":"cond-expr","locations":[{"start":{"line":21,"column":59},"end":{"line":21,"column":63}},{"start":{"line":21,"column":66},"end":{"line":21,"column":71}}]},"2":{"loc":{"start":{"line":26,"column":7},"end":{"line":46,"column":null}},"type":"binary-expr","locations":[{"start":{"line":26,"column":7},"end":{"line":26,"column":15}},{"start":{"line":27,"column":8},"end":{"line":45,"column":null}}]}},"s":{"0":1,"1":1,"2":5,"3":5,"4":1,"5":1,"6":1,"7":1,"8":1},"f":{"0":5,"1":1,"2":1,"3":1,"4":1},"b":{"0":[1,4],"1":[1,4],"2":[5,1]}}
,"D:\\AI-Study-Companion\\frontend\\src\\components\\QuizQuestion.tsx": {"path":"D:\\AI-Study-Companion\\frontend\\src\\components\\QuizQuestion.tsx","statementMap":{"0":{"start":{"line":10,"column":28},"end":{"line":54,"column":1}},"1":{"start":{"line":18,"column":2},"end":{"line":53,"column":4}},"2":{"start":{"line":27,"column":25},"end":{"line":27,"column":56}},"3":{"start":{"line":28,"column":29},"end":{"line":28,"column":54}},"4":{"start":{"line":29,"column":28},"end":{"line":29,"column":67}},"5":{"start":{"line":30,"column":26},"end":{"line":30,"column":79}},"6":{"start":{"line":32,"column":10},"end":{"line":49,"column":12}},"7":{"start":{"line":35,"column":29},"end":{"line":35,"column":67}},"8":{"start":{"line":10,"column":13},"end":{"line":10,"column":28}}},"fnMap":{"0":{"name":"(anonymous_0)","decl":{"start":{"line":10,"column":28},"end":{"line":10,"column":29}},"loc":{"start":{"line":17,"column":24},"end":{"line":54,"column":1}}},"1":{"name":"(anonymous_1)","decl":{"start":{"line":26,"column":21},"end":{"line":26,"column":22}},"loc":{"start":{"line":26,"column":39},"end":{"line":50,"column":9}}},"2":{"name":"(anonymous_2)","decl":{"start":{"line":35,"column":23},"end":{"line":35,"column":26}},"loc":{"start":{"line":35,"column":29},"end":{"line":35,"column":67}}}},"branchMap":{"0":{"loc":{"start":{"line":21,"column":7},"end":{"line":22,"column":null}},"type":"binary-expr","locations":[{"start":{"line":21,"column":7},"end":{"line":21,"column":18}},{"start":{"line":22,"column":8},"end":{"line":22,"column":81}}]},"1":{"loc":{"start":{"line":29,"column":28},"end":{"line":29,"column":67}},"type":"binary-expr","locations":[{"start":{"line":29,"column":28},"end":{"line":29,"column":39}},{"start":{"line":29,"column":43},"end":{"line":29,"column":67}}]},"2":{"loc":{"start":{"line":30,"column":26},"end":{"line":30,"column":79}},"type":"binary-expr","locations":[{"start":{"line":30,"column":26},"end":{"line":30,"column":37}},{"start":{"line":30,"column":41},"end":{"line":30,"column":51}},{"start":{"line":30,"column":55},"end":{"line":30,"column":79}}]},"3":{"loc":{"start":{"line":35,"column":29},"end":{"line":35,"column":67}},"type":"binary-expr","locations":[{"start":{"line":35,"column":29},"end":{"line":35,"column":41}},{"start":{"line":35,"column":45},"end":{"line":35,"column":67}}]},"4":{"loc":{"start":{"line":38,"column":16},"end":{"line":44,"column":null}},"type":"cond-expr","locations":[{"start":{"line":39,"column":20},"end":{"line":39,"column":65}},{"start":{"line":40,"column":20},"end":{"line":44,"column":null}}]},"5":{"loc":{"start":{"line":40,"column":20},"end":{"line":44,"column":null}},"type":"cond-expr","locations":[{"start":{"line":41,"column":22},"end":{"line":41,"column":63}},{"start":{"line":42,"column":22},"end":{"line":44,"column":null}}]},"6":{"loc":{"start":{"line":42,"column":22},"end":{"line":44,"column":null}},"type":"cond-expr","locations":[{"start":{"line":43,"column":24},"end":{"line":43,"column":67}},{"start":{"line":44,"column":24},"end":{"line":44,"column":null}}]}},"s":{"0":1,"1":5,"2":20,"3":20,"4":20,"5":20,"6":20,"7":1,"8":1},"f":{"0":5,"1":20,"2":1},"b":{"0":[5,1],"1":[20,4],"2":[20,4,1],"3":[1,1],"4":[1,19],"5":[1,18],"6":[1,17]}}
,"D:\\AI-Study-Companion\\frontend\\src\\components\\SourceBadge.tsx": {"path":"D:\\AI-Study-Companion\\frontend\\src\\components\\SourceBadge.tsx","statementMap":{"0":{"start":{"line":2,"column":0},"end":{"line":2,"column":50}},"1":{"start":{"line":11,"column":55},"end":{"line":64,"column":1}},"2":{"start":{"line":17,"column":2},"end":{"line":19,"column":3}},"3":{"start":{"line":18,"column":4},"end":{"line":18,"column":16}},"4":{"start":{"line":21,"column":21},"end":{"line":25,"column":3}},"5":{"start":{"line":22,"column":4},"end":{"line":22,"column":25}},"6":{"start":{"line":22,"column":15},"end":{"line":22,"column":25}},"7":{"start":{"line":23,"column":14},"end":{"line":23,"column":62}},"8":{"start":{"line":24,"column":4},"end":{"line":24,"column":94}},"9":{"start":{"line":27,"column":2},"end":{"line":63,"column":4}},"10":{"start":{"line":11,"column":13},"end":{"line":11,"column":55}},"11":{"start":{"line":66,"column":0},"end":{"line":66,"column":27}}},"fnMap":{"0":{"name":"(anonymous_0)","decl":{"start":{"line":11,"column":55},"end":{"line":11,"column":56}},"loc":{"start":{"line":16,"column":5},"end":{"line":64,"column":1}}},"1":{"name":"(anonymous_1)","decl":{"start":{"line":21,"column":21},"end":{"line":21,"column":22}},"loc":{"start":{"line":21,"column":57},"end":{"line":25,"column":3}}}},"branchMap":{"0":{"loc":{"start":{"line":17,"column":2},"end":{"line":19,"column":3}},"type":"if","locations":[{"start":{"line":17,"column":2},"end":{"line":19,"column":3}},{"start":{},"end":{}}]},"1":{"loc":{"start":{"line":22,"column":4},"end":{"line":22,"column":25}},"type":"if","locations":[{"start":{"line":22,"column":4},"end":{"line":22,"column":25}},{"start":{},"end":{}}]},"2":{"loc":{"start":{"line":23,"column":14},"end":{"line":23,"column":62}},"type":"cond-expr","locations":[{"start":{"line":23,"column":41},"end":{"line":23,"column":55}},{"start":{"line":23,"column":58},"end":{"line":23,"column":62}}]},"3":{"loc":{"start":{"line":30,"column":8},"end":{"line":30,"column":null}},"type":"cond-expr","locations":[{"start":{"line":30,"column":30},"end":{"line":30,"column":92}},{"start":{"line":30,"column":95},"end":{"line":30,"column":null}}]},"4":{"loc":{"start":{"line":43,"column":13},"end":{"line":46,"column":null}},"type":"binary-expr","locations":[{"start":{"line":43,"column":13},"end":{"line":43,"column":23}},{"start":{"line":44,"column":14},"end":{"line":45,"column":null}}]},"5":{"loc":{"start":{"line":49,"column":13},"end":{"line":53,"column":null}},"type":"binary-expr","locations":[{"start":{"line":49,"column":13},"end":{"line":49,"column":22}},{"start":{"line":50,"column":14},"end":{"line":52,"column":null}}]},"6":{"loc":{"start":{"line":58,"column":9},"end":{"line":59,"column":null}},"type":"binary-expr","locations":[{"start":{"line":58,"column":9},"end":{"line":58,"column":28}},{"start":{"line":59,"column":10},"end":{"line":59,"column":89}}]}},"s":{"0":1,"1":1,"2":5,"3":1,"4":4,"5":2,"6":0,"7":2,"8":2,"9":4,"10":1,"11":1},"f":{"0":5,"1":2},"b":{"0":[1,4],"1":[0,2],"2":[1,1],"3":[1,3],"4":[4,1],"5":[4,2],"6":[4,1]}}
,"D:\\AI-Study-Companion\\frontend\\src\\components\\StudyGroupCard.tsx": {"path":"D:\\AI-Study-Companion\\frontend\\src\\components\\StudyGroupCard.tsx","statementMap":{"0":{"start":{"line":2,"column":0},"end":{"line":2,"column":63}},"1":{"start":{"line":16,"column":61},"end":{"line":100,"column":1}},"2":{"start":{"line":27,"column":2},"end":{"line":99,"column":4}},"3":{"start":{"line":44,"column":124},"end":{"line":44,"column":143}},"4":{"start":{"line":16,"column":13},"end":{"line":16,"column":61}},"5":{"start":{"line":102,"column":0},"end":{"line":102,"column":30}}},"fnMap":{"0":{"name":"(anonymous_0)","decl":{"start":{"line":16,"column":61},"end":{"line":16,"column":62}},"loc":{"start":{"line":26,"column":5},"end":{"line":100,"column":1}}},"1":{"name":"(anonymous_1)","decl":{"start":{"line":44,"column":117},"end":{"line":44,"column":118}},"loc":{"start":{"line":44,"column":124},"end":{"line":44,"column":143}}}},"branchMap":{"0":{"loc":{"start":{"line":38,"column":11},"end":{"line":39,"column":null}},"type":"binary-expr","locations":[{"start":{"line":38,"column":11},"end":{"line":38,"column":22}},{"start":{"line":39,"column":12},"end":{"line":39,"column":85}}]},"1":{"loc":{"start":{"line":45,"column":11},"end":{"line":52,"column":null}},"type":"binary-expr","locations":[{"start":{"line":45,"column":11},"end":{"line":45,"column":18}},{"start":{"line":45,"column":22},"end":{"line":45,"column":28}},{"start":{"line":46,"column":12},"end":{"line":51,"column":null}}]},"2":{"loc":{"start":{"line":55,"column":11},"end":{"line":62,"column":null}},"type":"binary-expr","locations":[{"start":{"line":55,"column":11},"end":{"line":55,"column":18}},{"start":{"line":55,"column":22},"end":{"line":55,"column":30}},{"start":{"line":56,"column":12},"end":{"line":61,"column":null}}]},"3":{"loc":{"start":{"line":65,"column":11},"end":{"line":72,"column":null}},"type":"binary-expr","locations":[{"start":{"line":65,"column":11},"end":{"line":65,"column":19}},{"start":{"line":65,"column":23},"end":{"line":65,"column":30}},{"start":{"line":66,"column":12},"end":{"line":71,"column":null}}]},"4":{"loc":{"start":{"line":81,"column":37},"end":{"line":81,"column":65}},"type":"cond-expr","locations":[{"start":{"line":81,"column":57},"end":{"line":81,"column":60}},{"start":{"line":81,"column":63},"end":{"line":81,"column":65}}]},"5":{"loc":{"start":{"line":85,"column":37},"end":{"line":85,"column":67}},"type":"cond-expr","locations":[{"start":{"line":85,"column":59},"end":{"line":85,"column":62}},{"start":{"line":85,"column":65},"end":{"line":85,"column":67}}]},"6":{"loc":{"start":{"line":91,"column":7},"end":{"line":96,"column":null}},"type":"binary-expr","locations":[{"start":{"line":91,"column":7},"end":{"line":91,"column":14}},{"start":{"line":92,"column":8},"end":{"line":95,"column":null}}]}},"s":{"0":1,"1":1,"2":5,"3":3,"4":1,"5":1},"f":{"0":5,"1":3},"b":{"0":[5,1],"1":[5,1,1],"2":[5,1,1],"3":[5,4,1],"4":[4,1],"5":[4,1],"6":[5,1]}}
,"D:\\AI-Study-Companion\\frontend\\src\\store\\auth.ts": {"path":"D:\\AI-Study-Companion\\frontend\\src\\store\\auth.ts","statementMap":{"0":{"start":{"line":1,"column":0},"end":{"line":1,"column":33}},"1":{"start":{"line":20,"column":22},"end":{"line":27,"column":1}},"2":{"start":{"line":21,"column":2},"end":{"line":26,"column":3}},"3":{"start":{"line":22,"column":19},"end":{"line":22,"column":47}},"4":{"start":{"line":23,"column":4},"end":{"line":23,"column":46}},"5":{"start":{"line":25,"column":4},"end":{"line":25,"column":16}},"6":{"start":{"line":29,"column":13},"end":{"line":55,"column":4}},"7":{"start":{"line":29,"column":56},"end":{"line":55,"column":2}},"8":{"start":{"line":34,"column":4},"end":{"line":38,"column":5}},"9":{"start":{"line":35,"column":6},"end":{"line":35,"column":57}},"10":{"start":{"line":37,"column":6},"end":{"line":37,"column":38}},"11":{"start":{"line":39,"column":4},"end":{"line":39,"column":18}},"12":{"start":{"line":42,"column":4},"end":{"line":48,"column":5}},"13":{"start":{"line":43,"column":6},"end":{"line":43,"column":43}},"14":{"start":{"line":44,"column":6},"end":{"line":44,"column":44}},"15":{"start":{"line":46,"column":6},"end":{"line":46,"column":39}},"16":{"start":{"line":47,"column":6},"end":{"line":47,"column":51}},"17":{"start":{"line":51,"column":4},"end":{"line":51,"column":37}},"18":{"start":{"line":52,"column":4},"end":{"line":52,"column":36}},"19":{"start":{"line":53,"column":4},"end":{"line":53,"column":61}}},"fnMap":{"0":{"name":"(anonymous_0)","decl":{"start":{"line":20,"column":22},"end":{"line":20,"column":38}},"loc":{"start":{"line":20,"column":40},"end":{"line":27,"column":1}}},"1":{"name":"(anonymous_1)","decl":{"start":{"line":29,"column":46},"end":{"line":29,"column":47}},"loc":{"start":{"line":29,"column":56},"end":{"line":55,"column":2}}},"2":{"name":"(anonymous_2)","decl":{"start":{"line":33,"column":11},"end":{"line":33,"column":12}},"loc":{"start":{"line":33,"column":20},"end":{"line":40,"column":3}}},"3":{"name":"(anonymous_3)","decl":{"start":{"line":41,"column":12},"end":{"line":41,"column":13}},"loc":{"start":{"line":41,"column":22},"end":{"line":49,"column":3}}},"4":{"name":"(anonymous_4)","decl":{"start":{"line":50,"column":10},"end":{"line":50,"column":13}},"loc":{"start":{"line":50,"column":15},"end":{"line":54,"column":3}}}},"branchMap":{"0":{"loc":{"start":{"line":23,"column":11},"end":{"line":23,"column":45}},"type":"cond-expr","locations":[{"start":{"line":23,"column":20},"end":{"line":23,"column":38}},{"start":{"line":23,"column":41},"end":{"line":23,"column":45}}]},"1":{"loc":{"start":{"line":34,"column":4},"end":{"line":38,"column":5}},"type":"if","locations":[{"start":{"line":34,"column":4},"end":{"line":38,"column":5}},{"start":{"line":36,"column":11},"end":{"line":38,"column":5}}]},"2":{"loc":{"start":{"line":42,"column":4},"end":{"line":48,"column":5}},"type":"if","locations":[{"start":{"line":42,"column":4},"end":{"line":48,"column":5}},{"start":{"line":45,"column":11},"end":{"line":48,"column":5}}]}},"s":{"0":2,"1":2,"2":2,"3":2,"4":2,"5":1,"6":2,"7":2,"8":4,"9":3,"10":1,"11":4,"12":4,"13":3,"14":3,"15":1,"16":1,"17":1,"18":1,"19":1},"f":{"0":2,"1":2,"2":4,"3":4,"4":1},"b":{"0":[1,1],"1":[3,1],"2":[3,1]}}
,"D:\\AI-Study-Companion\\frontend\\src\\utils\\validation.ts": {"path":"D:\\AI-Study-Companion\\frontend\\src\\utils\\validation.ts","statementMap":{"0":{"start":{"line":18,"column":0},"end":{"line":18,"column":16}},"1":{"start":{"line":19,"column":68},"end":{"line":19,"column":70}},"2":{"start":{"line":21,"column":15},"end":{"line":21,"column":33}},"3":{"start":{"line":22,"column":16},"end":{"line":22,"column":49}},"4":{"start":{"line":23,"column":19},"end":{"line":23,"column":34}},"5":{"start":{"line":25,"column":2},"end":{"line":31,"column":3}},"6":{"start":{"line":26,"column":4},"end":{"line":26,"column":43}},"7":{"start":{"line":27,"column":9},"end":{"line":31,"column":3}},"8":{"start":{"line":28,"column":4},"end":{"line":28,"column":61}},"9":{"start":{"line":29,"column":9},"end":{"line":31,"column":3}},"10":{"start":{"line":30,"column":4},"end":{"line":30,"column":67}},"11":{"start":{"line":33,"column":2},"end":{"line":37,"column":3}},"12":{"start":{"line":34,"column":4},"end":{"line":34,"column":40}},"13":{"start":{"line":35,"column":9},"end":{"line":37,"column":3}},"14":{"start":{"line":36,"column":4},"end":{"line":36,"column":57}},"15":{"start":{"line":39,"column":2},"end":{"line":49,"column":3}},"16":{"start":{"line":40,"column":4},"end":{"line":40,"column":46}},"17":{"start":{"line":41,"column":9},"end":{"line":49,"column":3}},"18":{"start":{"line":42,"column":4},"end":{"line":42,"column":64}},"19":{"start":{"line":43,"column":9},"end":{"line":49,"column":3}},"20":{"start":{"line":44,"column":4},"end":{"line":44,"column":77}},"21":{"start":{"line":45,"column":9},"end":{"line":49,"column":3}},"22":{"start":{"line":46,"column":4},"end":{"line":46,"column":77}},"23":{"start":{"line":47,"column":9},"end":{"line":49,"column":3}},"24":{"start":{"line":48,"column":4},"end":{"line":48,"column":67}},"25":{"start":{"line":51,"column":2},"end":{"line":55,"column":4}}},"fnMap":{"0":{"name":"validateRegisterForm","decl":{"start":{"line":18,"column":16},"end":{"line":18,"column":36}},"loc":{"start":{"line":18,"column":63},"end":{"line":56,"column":1}}}},"branchMap":{"0":{"loc":{"start":{"line":25,"column":2},"end":{"line":31,"column":3}},"type":"if","locations":[{"start":{"line":25,"column":2},"end":{"line":31,"column":3}},{"start":{"line":27,"column":9},"end":{"line":31,"column":3}}]},"1":{"loc":{"start":{"line":27,"column":9},"end":{"line":31,"column":3}},"type":"if","locations":[{"start":{"line":27,"column":9},"end":{"line":31,"column":3}},{"start":{"line":29,"column":9},"end":{"line":31,"column":3}}]},"2":{"loc":{"start":{"line":29,"column":9},"end":{"line":31,"column":3}},"type":"if","locations":[{"start":{"line":29,"column":9},"end":{"line":31,"column":3}},{"start":{},"end":{}}]},"3":{"loc":{"start":{"line":33,"column":2},"end":{"line":37,"column":3}},"type":"if","locations":[{"start":{"line":33,"column":2},"end":{"line":37,"column":3}},{"start":{"line":35,"column":9},"end":{"line":37,"column":3}}]},"4":{"loc":{"start":{"line":35,"column":9},"end":{"line":37,"column":3}},"type":"if","locations":[{"start":{"line":35,"column":9},"end":{"line":37,"column":3}},{"start":{},"end":{}}]},"5":{"loc":{"start":{"line":39,"column":2},"end":{"line":49,"column":3}},"type":"if","locations":[{"start":{"line":39,"column":2},"end":{"line":49,"column":3}},{"start":{"line":41,"column":9},"end":{"line":49,"column":3}}]},"6":{"loc":{"start":{"line":41,"column":9},"end":{"line":49,"column":3}},"type":"if","locations":[{"start":{"line":41,"column":9},"end":{"line":49,"column":3}},{"start":{"line":43,"column":9},"end":{"line":49,"column":3}}]},"7":{"loc":{"start":{"line":43,"column":9},"end":{"line":49,"column":3}},"type":"if","locations":[{"start":{"line":43,"column":9},"end":{"line":49,"column":3}},{"start":{"line":45,"column":9},"end":{"line":49,"column":3}}]},"8":{"loc":{"start":{"line":45,"column":9},"end":{"line":49,"column":3}},"type":"if","locations":[{"start":{"line":45,"column":9},"end":{"line":49,"column":3}},{"start":{"line":47,"column":9},"end":{"line":49,"column":3}}]},"9":{"loc":{"start":{"line":47,"column":9},"end":{"line":49,"column":3}},"type":"if","locations":[{"start":{"line":47,"column":9},"end":{"line":49,"column":3}},{"start":{},"end":{}}]}},"s":{"0":1,"1":12,"2":12,"3":12,"4":12,"5":12,"6":2,"7":10,"8":1,"9":9,"10":1,"11":12,"12":1,"13":11,"14":2,"15":12,"16":1,"17":11,"18":2,"19":9,"20":1,"21":8,"22":1,"23":7,"24":1,"25":12},"f":{"0":12},"b":{"0":[2,10],"1":[1,9],"2":[1,8],"3":[1,11],"4":[2,9],"5":[1,11],"6":[2,9],"7":[1,8],"8":[1,7],"9":[1,6]}}
}
