TN:
SF:src\components\Common.tsx
FN:3,(anonymous_1)
FN:17,(anonymous_2)
FN:20,(anonymous_3)
FN:21,(anonymous_4)
FN:23,(anonymous_5)
FN:38,(anonymous_6)
FN:57,(anonymous_7)
FN:68,(anonymous_8)
FN:79,(anonymous_9)
FN:80,(anonymous_10)
FN:89,(anonymous_11)
FNF:11
FNH:11
FNDA:3,(anonymous_1)
FNDA:3,(anonymous_2)
FNDA:2,(anonymous_3)
FNDA:1,(anonymous_4)
FNDA:2,(anonymous_5)
FNDA:3,(anonymous_6)
FNDA:8,(anonymous_7)
FNDA:2,(anonymous_8)
FNDA:2,(anonymous_9)
FNDA:1,(anonymous_10)
FNDA:1,(anonymous_11)
DA:1,1
DA:3,1
DA:4,3
DA:10,3
DA:17,1
DA:18,3
DA:20,3
DA:21,2
DA:22,2
DA:23,2
DA:26,3
DA:27,1
DA:35,2
DA:38,1
DA:39,3
DA:41,3
DA:57,1
DA:66,8
DA:68,8
DA:69,2
DA:70,2
DA:71,2
DA:72,2
DA:73,1
DA:77,8
DA:79,2
DA:80,1
DA:89,1
LF:28
LH:28
BRDA:3,0,0,1
BRDA:26,1,0,1
BRDA:26,1,1,2
BRDA:59,2,0,8
BRDA:60,3,0,4
BRDA:72,4,0,1
BRDA:72,4,1,1
BRDA:72,5,0,2
BRDA:72,5,1,2
BRDA:83,6,0,2
BRDA:83,6,1,6
BRDA:89,7,0,1
BRDA:89,7,1,1
BRF:13
BRH:13
end_of_record
TN:
SF:src\components\DropdownMenu.tsx
FN:13,DropdownMenu
FN:17,(anonymous_1)
FN:18,handleClickOutside
FN:26,(anonymous_3)
FN:33,(anonymous_4)
FN:41,(anonymous_5)
FN:44,(anonymous_6)
FNF:7
FNH:7
FNDA:10,DropdownMenu
FNDA:10,(anonymous_1)
FNDA:2,handleClickOutside
FNDA:4,(anonymous_3)
FNDA:4,(anonymous_4)
FNDA:7,(anonymous_5)
FNDA:1,(anonymous_6)
DA:1,1
DA:2,1
DA:13,1
DA:14,10
DA:15,10
DA:17,10
DA:19,2
DA:20,1
DA:24,10
DA:25,4
DA:26,4
DA:30,10
DA:33,4
DA:42,7
DA:45,1
DA:46,1
LF:16
LH:16
BRDA:19,0,0,1
BRDA:19,0,1,1
BRDA:19,1,0,2
BRDA:19,1,1,2
BRDA:24,2,0,4
BRDA:24,2,1,6
BRDA:39,3,0,10
BRDA:39,3,1,4
BRDA:49,4,0,3
BRDA:49,4,1,4
BRDA:52,5,0,3
BRDA:52,5,1,4
BRF:12
BRH:12
end_of_record
TN:
SF:src\components\EmptyState.tsx
FN:13,(anonymous_0)
FNF:1
FNH:1
FNDA:4,(anonymous_0)
DA:13,1
DA:21,4
DA:46,1
LF:3
LH:3
BRDA:19,0,0,3
BRDA:30,1,0,4
BRDA:30,1,1,3
BRDA:30,1,2,2
BRDA:34,2,0,1
BRDA:34,2,1,1
BRF:6
BRH:6
end_of_record
TN:
SF:src\components\FlashCard.tsx
FN:9,(anonymous_0)
FN:15,(anonymous_1)
FN:29,(anonymous_2)
FN:35,(anonymous_3)
FN:41,(anonymous_4)
FNF:5
FNH:5
FNDA:5,(anonymous_0)
FNDA:1,(anonymous_1)
FNDA:1,(anonymous_2)
FNDA:1,(anonymous_3)
FNDA:1,(anonymous_4)
DA:1,1
DA:9,1
DA:10,5
DA:12,5
DA:15,1
DA:29,1
DA:35,1
DA:41,1
LF:8
LH:8
BRDA:20,0,0,1
BRDA:20,0,1,4
BRDA:21,1,0,1
BRDA:21,1,1,4
BRDA:26,2,0,5
BRDA:26,2,1,1
BRF:6
BRH:6
end_of_record
TN:
SF:src\components\QuizQuestion.tsx
FN:10,(anonymous_0)
FN:26,(anonymous_1)
FN:35,(anonymous_2)
FNF:3
FNH:3
FNDA:5,(anonymous_0)
FNDA:20,(anonymous_1)
FNDA:1,(anonymous_2)
DA:10,1
DA:18,5
DA:27,20
DA:28,20
DA:29,20
DA:30,20
DA:32,20
DA:35,1
LF:8
LH:8
BRDA:21,0,0,5
BRDA:21,0,1,1
BRDA:29,1,0,20
BRDA:29,1,1,4
BRDA:30,2,0,20
BRDA:30,2,1,4
BRDA:30,2,2,1
BRDA:35,3,0,1
BRDA:35,3,1,1
BRDA:38,4,0,1
BRDA:38,4,1,19
BRDA:40,5,0,1
BRDA:40,5,1,18
BRDA:42,6,0,1
BRDA:42,6,1,17
BRF:15
BRH:15
end_of_record
TN:
SF:src\components\SourceBadge.tsx
FN:11,(anonymous_0)
FN:21,(anonymous_1)
FNF:2
FNH:2
FNDA:5,(anonymous_0)
FNDA:2,(anonymous_1)
DA:2,1
DA:11,1
DA:17,5
DA:18,1
DA:21,4
DA:22,2
DA:23,2
DA:24,2
DA:27,4
DA:66,1
LF:10
LH:10
BRDA:17,0,0,1
BRDA:17,0,1,4
BRDA:22,1,0,0
BRDA:22,1,1,2
BRDA:23,2,0,1
BRDA:23,2,1,1
BRDA:30,3,0,1
BRDA:30,3,1,3
BRDA:43,4,0,4
BRDA:43,4,1,1
BRDA:49,5,0,4
BRDA:49,5,1,2
BRDA:58,6,0,4
BRDA:58,6,1,1
BRF:14
BRH:13
end_of_record
TN:
SF:src\components\StudyGroupCard.tsx
FN:16,(anonymous_0)
FN:44,(anonymous_1)
FNF:2
FNH:2
FNDA:5,(anonymous_0)
FNDA:3,(anonymous_1)
DA:2,1
DA:16,1
DA:27,5
DA:44,3
DA:102,1
LF:5
LH:5
BRDA:38,0,0,5
BRDA:38,0,1,1
BRDA:45,1,0,5
BRDA:45,1,1,1
BRDA:45,1,2,1
BRDA:55,2,0,5
BRDA:55,2,1,1
BRDA:55,2,2,1
BRDA:65,3,0,5
BRDA:65,3,1,4
BRDA:65,3,2,1
BRDA:81,4,0,4
BRDA:81,4,1,1
BRDA:85,5,0,4
BRDA:85,5,1,1
BRDA:91,6,0,5
BRDA:91,6,1,1
BRF:17
BRH:17
end_of_record
TN:
SF:src\store\auth.ts
FN:20,(anonymous_0)
FN:29,(anonymous_1)
FN:33,(anonymous_2)
FN:41,(anonymous_3)
FN:50,(anonymous_4)
FNF:5
FNH:5
FNDA:2,(anonymous_0)
FNDA:2,(anonymous_1)
FNDA:4,(anonymous_2)
FNDA:4,(anonymous_3)
FNDA:1,(anonymous_4)
DA:1,2
DA:20,2
DA:21,2
DA:22,2
DA:23,2
DA:25,1
DA:29,2
DA:34,4
DA:35,3
DA:37,1
DA:39,4
DA:42,4
DA:43,3
DA:44,3
DA:46,1
DA:47,1
DA:51,1
DA:52,1
DA:53,1
LF:19
LH:19
BRDA:23,0,0,1
BRDA:23,0,1,1
BRDA:34,1,0,3
BRDA:34,1,1,1
BRDA:42,2,0,3
BRDA:42,2,1,1
BRF:6
BRH:6
end_of_record
TN:
SF:src\utils\validation.ts
FN:18,validateRegisterForm
FNF:1
FNH:1
FNDA:12,validateRegisterForm
DA:18,1
DA:19,12
DA:21,12
DA:22,12
DA:23,12
DA:25,12
DA:26,2
DA:27,10
DA:28,1
DA:29,9
DA:30,1
DA:33,12
DA:34,1
DA:35,11
DA:36,2
DA:39,12
DA:40,1
DA:41,11
DA:42,2
DA:43,9
DA:44,1
DA:45,8
DA:46,1
DA:47,7
DA:48,1
DA:51,12
LF:26
LH:26
BRDA:25,0,0,2
BRDA:25,0,1,10
BRDA:27,1,0,1
BRDA:27,1,1,9
BRDA:29,2,0,1
BRDA:29,2,1,8
BRDA:33,3,0,1
BRDA:33,3,1,11
BRDA:35,4,0,2
BRDA:35,4,1,9
BRDA:39,5,0,1
BRDA:39,5,1,11
BRDA:41,6,0,2
BRDA:41,6,1,9
BRDA:43,7,0,1
BRDA:43,7,1,8
BRDA:45,8,0,1
BRDA:45,8,1,7
BRDA:47,9,0,1
BRDA:47,9,1,6
BRF:20
BRH:20
end_of_record
